[INFO  Sun 06 Oct 2024 03:03:31 AM +03] ...o-tree.nvim/lua/neo-tree/sources/filesystem/commands.lua:245: Toggling hidden files: true
[INFO  Sun 06 Oct 2024 06:09:39 PM +03] ...ree.nvim/lua/neo-tree/sources/filesystem/lib/fs_scan.lua:110: No items, skipping git ignored/status lookups
[INFO  Sun 06 Oct 2024 06:10:35 PM +03] ...o-tree.nvim/lua/neo-tree/sources/filesystem/commands.lua:245: Toggling hidden files: true
[INFO  Sun 06 Oct 2024 06:11:26 PM +03] ...o-tree.nvim/lua/neo-tree/sources/filesystem/commands.lua:245: Toggling hidden files: false
[INFO  Sun 06 Oct 2024 06:11:28 PM +03] ...o-tree.nvim/lua/neo-tree/sources/filesystem/commands.lua:245: Toggling hidden files: true
[INFO  Sun 06 Oct 2024 06:11:29 PM +03] ...o-tree.nvim/lua/neo-tree/sources/filesystem/commands.lua:245: Toggling hidden files: false
[INFO  Mon 07 Oct 2024 01:12:17 AM +03] ...o-tree.nvim/lua/neo-tree/sources/filesystem/commands.lua:245: Toggling hidden files: true
[INFO  Mon 07 Oct 2024 01:29:36 AM +03] ...o-tree.nvim/lua/neo-tree/sources/filesystem/commands.lua:245: Toggling hidden files: true
[INFO  Mon 07 Oct 2024 01:37:50 AM +03] ...ree.nvim/lua/neo-tree/sources/filesystem/lib/fs_scan.lua:110: No items, skipping git ignored/status lookups
[INFO  Mon 07 Oct 2024 01:37:52 AM +03] ...ree.nvim/lua/neo-tree/sources/filesystem/lib/fs_scan.lua:110: No items, skipping git ignored/status lookups
[INFO  Mon 07 Oct 2024 01:37:53 AM +03] ...ree.nvim/lua/neo-tree/sources/filesystem/lib/fs_scan.lua:110: No items, skipping git ignored/status lookups
[INFO  Mon 07 Oct 2024 01:37:53 AM +03] ...ree.nvim/lua/neo-tree/sources/filesystem/lib/fs_scan.lua:110: No items, skipping git ignored/status lookups
[INFO  Mon 07 Oct 2024 01:37:54 AM +03] ...ree.nvim/lua/neo-tree/sources/filesystem/lib/fs_scan.lua:110: No items, skipping git ignored/status lookups
[INFO  Mon 07 Oct 2024 01:37:54 AM +03] ...ree.nvim/lua/neo-tree/sources/filesystem/lib/fs_scan.lua:110: No items, skipping git ignored/status lookups
[INFO  Mon 07 Oct 2024 02:57:40 AM +03] ...ree.nvim/lua/neo-tree/sources/filesystem/lib/fs_scan.lua:110: No items, skipping git ignored/status lookups
[INFO  Mon 07 Oct 2024 03:15:50 AM +03] ....nvim/lua/neo-tree/sources/filesystem/lib/fs_actions.lua:513: Deleted directory  /home/artungul/projects/MVCTest/View
[ERROR Mon 07 Oct 2024 03:16:10 AM +03] ...ree.nvim/lua/neo-tree/sources/filesystem/lib/fs_scan.lua:331: /home/artungul/projects/MVCTest/View :  ENOENT: no such file or directory: /home/artungul/projects/MVCTest/View
[ERROR Mon 07 Oct 2024 03:16:10 AM +03] ...ree.nvim/lua/neo-tree/sources/filesystem/lib/fs_scan.lua:331: /home/artungul/projects/MVCTest/View/Home :  ENOENT: no such file or directory: /home/artungul/projects/MVCTest/View/Home
[ERROR Mon 07 Oct 2024 03:16:10 AM +03] ...ree.nvim/lua/neo-tree/sources/filesystem/lib/fs_scan.lua:331: /home/artungul/projects/MVCTest/View/Home/Views :  ENOENT: no such file or directory: /home/artungul/projects/MVCTest/View/Home/Views
[ERROR Mon 07 Oct 2024 03:16:10 AM +03] ...ree.nvim/lua/neo-tree/sources/filesystem/lib/fs_scan.lua:331: /home/artungul/projects/MVCTest/View/Home/Views/Home :  ENOENT: no such file or directory: /home/artungul/projects/MVCTest/View/Home/Views/Home
[ERROR Mon 07 Oct 2024 03:16:10 AM +03] ...ree.nvim/lua/neo-tree/sources/filesystem/lib/fs_scan.lua:331: /home/artungul/projects/MVCTest/View/Home/Views/Home/.. :  ENOENT: no such file or directory: /home/artungul/projects/MVCTest/View/Home/Views/Home/..
[ERROR Mon 07 Oct 2024 03:16:10 AM +03] ...ree.nvim/lua/neo-tree/sources/filesystem/lib/fs_scan.lua:331: /home/artungul/projects/MVCTest/View/Home/Views/Home/../.. :  ENOENT: no such file or directory: /home/artungul/projects/MVCTest/View/Home/Views/Home/../..
[ERROR Mon 07 Oct 2024 03:16:10 AM +03] ...ree.nvim/lua/neo-tree/sources/filesystem/lib/fs_scan.lua:331: /home/artungul/projects/MVCTest/View/Home/Views/Home/../../.. :  ENOENT: no such file or directory: /home/artungul/projects/MVCTest/View/Home/Views/Home/../../..
[ERROR Mon 07 Oct 2024 03:16:10 AM +03] ...ree.nvim/lua/neo-tree/sources/filesystem/lib/fs_scan.lua:331: /home/artungul/projects/MVCTest/View/Home/Views/Home/../../../../Views :  ENOENT: no such file or directory: /home/artungul/projects/MVCTest/View/Home/Views/Home/../../../../Views
[ERROR Mon 07 Oct 2024 03:16:10 AM +03] ...ree.nvim/lua/neo-tree/sources/filesystem/lib/fs_scan.lua:331: /home/artungul/projects/MVCTest/View/Home/Views/Home/../../../.. :  ENOENT: no such file or directory: /home/artungul/projects/MVCTest/View/Home/Views/Home/../../../..
[ERROR Mon 07 Oct 2024 03:16:10 AM +03] ...ree.nvim/lua/neo-tree/sources/filesystem/lib/fs_scan.lua:331: /home/artungul/projects/MVCTest/View/Home/Views/Home/../../../../Views/Home :  ENOENT: no such file or directory: /home/artungul/projects/MVCTest/View/Home/Views/Home/../../../../Views/Home
[ERROR Mon 07 Oct 2024 03:16:16 AM +03] ...ree.nvim/lua/neo-tree/sources/filesystem/lib/fs_scan.lua:331: /home/artungul/projects/MVCTest/View :  ENOENT: no such file or directory: /home/artungul/projects/MVCTest/View
[ERROR Mon 07 Oct 2024 03:16:16 AM +03] ...ree.nvim/lua/neo-tree/sources/filesystem/lib/fs_scan.lua:331: /home/artungul/projects/MVCTest/View/Home/Views :  ENOENT: no such file or directory: /home/artungul/projects/MVCTest/View/Home/Views
[ERROR Mon 07 Oct 2024 03:16:16 AM +03] ...ree.nvim/lua/neo-tree/sources/filesystem/lib/fs_scan.lua:331: /home/artungul/projects/MVCTest/View/Home :  ENOENT: no such file or directory: /home/artungul/projects/MVCTest/View/Home
[ERROR Mon 07 Oct 2024 03:16:16 AM +03] ...ree.nvim/lua/neo-tree/sources/filesystem/lib/fs_scan.lua:331: /home/artungul/projects/MVCTest/View/Home/Views/Home :  ENOENT: no such file or directory: /home/artungul/projects/MVCTest/View/Home/Views/Home
[ERROR Mon 07 Oct 2024 03:16:16 AM +03] ...ree.nvim/lua/neo-tree/sources/filesystem/lib/fs_scan.lua:331: /home/artungul/projects/MVCTest/View/Home/Views/Home/.. :  ENOENT: no such file or directory: /home/artungul/projects/MVCTest/View/Home/Views/Home/..
[ERROR Mon 07 Oct 2024 03:16:16 AM +03] ...ree.nvim/lua/neo-tree/sources/filesystem/lib/fs_scan.lua:331: /home/artungul/projects/MVCTest/View/Home/Views/Home/../.. :  ENOENT: no such file or directory: /home/artungul/projects/MVCTest/View/Home/Views/Home/../..
[ERROR Mon 07 Oct 2024 03:16:16 AM +03] ...ree.nvim/lua/neo-tree/sources/filesystem/lib/fs_scan.lua:331: /home/artungul/projects/MVCTest/View/Home/Views/Home/../../.. :  ENOENT: no such file or directory: /home/artungul/projects/MVCTest/View/Home/Views/Home/../../..
[ERROR Mon 07 Oct 2024 03:16:16 AM +03] ...ree.nvim/lua/neo-tree/sources/filesystem/lib/fs_scan.lua:331: /home/artungul/projects/MVCTest/View/Home/Views/Home/../../../.. :  ENOENT: no such file or directory: /home/artungul/projects/MVCTest/View/Home/Views/Home/../../../..
[ERROR Mon 07 Oct 2024 03:16:16 AM +03] ...ree.nvim/lua/neo-tree/sources/filesystem/lib/fs_scan.lua:331: /home/artungul/projects/MVCTest/View/Home/Views/Home/../../../../Views :  ENOENT: no such file or directory: /home/artungul/projects/MVCTest/View/Home/Views/Home/../../../../Views
[ERROR Mon 07 Oct 2024 03:16:16 AM +03] ...ree.nvim/lua/neo-tree/sources/filesystem/lib/fs_scan.lua:331: /home/artungul/projects/MVCTest/View/Home/Views/Home/../../../../Views/Home :  ENOENT: no such file or directory: /home/artungul/projects/MVCTest/View/Home/Views/Home/../../../../Views/Home
[ERROR Mon 07 Oct 2024 03:16:26 AM +03] ...ree.nvim/lua/neo-tree/sources/filesystem/lib/fs_scan.lua:331: /home/artungul/projects/MVCTest/View :  ENOENT: no such file or directory: /home/artungul/projects/MVCTest/View
[ERROR Mon 07 Oct 2024 03:16:26 AM +03] ...ree.nvim/lua/neo-tree/sources/filesystem/lib/fs_scan.lua:331: /home/artungul/projects/MVCTest/View/Home :  ENOENT: no such file or directory: /home/artungul/projects/MVCTest/View/Home
[ERROR Mon 07 Oct 2024 03:16:26 AM +03] ...ree.nvim/lua/neo-tree/sources/filesystem/lib/fs_scan.lua:331: /home/artungul/projects/MVCTest/View/Home/Views :  ENOENT: no such file or directory: /home/artungul/projects/MVCTest/View/Home/Views
[ERROR Mon 07 Oct 2024 03:16:26 AM +03] ...ree.nvim/lua/neo-tree/sources/filesystem/lib/fs_scan.lua:331: /home/artungul/projects/MVCTest/View/Home/Views/Home :  ENOENT: no such file or directory: /home/artungul/projects/MVCTest/View/Home/Views/Home
[ERROR Mon 07 Oct 2024 03:16:26 AM +03] ...ree.nvim/lua/neo-tree/sources/filesystem/lib/fs_scan.lua:331: /home/artungul/projects/MVCTest/View/Home/Views/Home/.. :  ENOENT: no such file or directory: /home/artungul/projects/MVCTest/View/Home/Views/Home/..
[ERROR Mon 07 Oct 2024 03:16:26 AM +03] ...ree.nvim/lua/neo-tree/sources/filesystem/lib/fs_scan.lua:331: /home/artungul/projects/MVCTest/View/Home/Views/Home/../.. :  ENOENT: no such file or directory: /home/artungul/projects/MVCTest/View/Home/Views/Home/../..
[ERROR Mon 07 Oct 2024 03:16:26 AM +03] ...ree.nvim/lua/neo-tree/sources/filesystem/lib/fs_scan.lua:331: /home/artungul/projects/MVCTest/View/Home/Views/Home/../../.. :  ENOENT: no such file or directory: /home/artungul/projects/MVCTest/View/Home/Views/Home/../../..
[ERROR Mon 07 Oct 2024 03:16:26 AM +03] ...ree.nvim/lua/neo-tree/sources/filesystem/lib/fs_scan.lua:331: /home/artungul/projects/MVCTest/View/Home/Views/Home/../../../.. :  ENOENT: no such file or directory: /home/artungul/projects/MVCTest/View/Home/Views/Home/../../../..
[ERROR Mon 07 Oct 2024 03:16:26 AM +03] ...ree.nvim/lua/neo-tree/sources/filesystem/lib/fs_scan.lua:331: /home/artungul/projects/MVCTest/View/Home/Views/Home/../../../../Views :  ENOENT: no such file or directory: /home/artungul/projects/MVCTest/View/Home/Views/Home/../../../../Views
[ERROR Mon 07 Oct 2024 03:16:26 AM +03] ...ree.nvim/lua/neo-tree/sources/filesystem/lib/fs_scan.lua:331: /home/artungul/projects/MVCTest/View/Home/Views/Home/../../../../Views/Home :  ENOENT: no such file or directory: /home/artungul/projects/MVCTest/View/Home/Views/Home/../../../../Views/Home
[ERROR Mon 07 Oct 2024 03:20:30 AM +03] ...ree.nvim/lua/neo-tree/sources/filesystem/lib/fs_scan.lua:331: /home/artungul/projects/MVCTest/View :  ENOENT: no such file or directory: /home/artungul/projects/MVCTest/View
[ERROR Mon 07 Oct 2024 03:20:30 AM +03] ...ree.nvim/lua/neo-tree/sources/filesystem/lib/fs_scan.lua:331: /home/artungul/projects/MVCTest/View/Home/Views :  ENOENT: no such file or directory: /home/artungul/projects/MVCTest/View/Home/Views
[ERROR Mon 07 Oct 2024 03:20:30 AM +03] ...ree.nvim/lua/neo-tree/sources/filesystem/lib/fs_scan.lua:331: /home/artungul/projects/MVCTest/View/Home/Views/Home :  ENOENT: no such file or directory: /home/artungul/projects/MVCTest/View/Home/Views/Home
[ERROR Mon 07 Oct 2024 03:20:30 AM +03] ...ree.nvim/lua/neo-tree/sources/filesystem/lib/fs_scan.lua:331: /home/artungul/projects/MVCTest/View/Home/Views/Home/.. :  ENOENT: no such file or directory: /home/artungul/projects/MVCTest/View/Home/Views/Home/..
[ERROR Mon 07 Oct 2024 03:20:30 AM +03] ...ree.nvim/lua/neo-tree/sources/filesystem/lib/fs_scan.lua:331: /home/artungul/projects/MVCTest/View/Home/Views/Home/../.. :  ENOENT: no such file or directory: /home/artungul/projects/MVCTest/View/Home/Views/Home/../..
[ERROR Mon 07 Oct 2024 03:20:30 AM +03] ...ree.nvim/lua/neo-tree/sources/filesystem/lib/fs_scan.lua:331: /home/artungul/projects/MVCTest/View/Home/Views/Home/../../.. :  ENOENT: no such file or directory: /home/artungul/projects/MVCTest/View/Home/Views/Home/../../..
[ERROR Mon 07 Oct 2024 03:20:30 AM +03] ...ree.nvim/lua/neo-tree/sources/filesystem/lib/fs_scan.lua:331: /home/artungul/projects/MVCTest/View/Home/Views/Home/../../../.. :  ENOENT: no such file or directory: /home/artungul/projects/MVCTest/View/Home/Views/Home/../../../..
[ERROR Mon 07 Oct 2024 03:20:30 AM +03] ...ree.nvim/lua/neo-tree/sources/filesystem/lib/fs_scan.lua:331: /home/artungul/projects/MVCTest/View/Home/Views/Home/../../../../Views :  ENOENT: no such file or directory: /home/artungul/projects/MVCTest/View/Home/Views/Home/../../../../Views
[ERROR Mon 07 Oct 2024 03:20:30 AM +03] ...ree.nvim/lua/neo-tree/sources/filesystem/lib/fs_scan.lua:331: /home/artungul/projects/MVCTest/View/Home :  ENOENT: no such file or directory: /home/artungul/projects/MVCTest/View/Home
[ERROR Mon 07 Oct 2024 03:20:30 AM +03] ...ree.nvim/lua/neo-tree/sources/filesystem/lib/fs_scan.lua:331: /home/artungul/projects/MVCTest/View/Home/Views/Home/../../../../Views/Home :  ENOENT: no such file or directory: /home/artungul/projects/MVCTest/View/Home/Views/Home/../../../../Views/Home
[ERROR Mon 07 Oct 2024 03:20:55 AM +03] ...ree.nvim/lua/neo-tree/sources/filesystem/lib/fs_scan.lua:331: /home/artungul/projects/MVCTest/View :  ENOENT: no such file or directory: /home/artungul/projects/MVCTest/View
[ERROR Mon 07 Oct 2024 03:20:55 AM +03] ...ree.nvim/lua/neo-tree/sources/filesystem/lib/fs_scan.lua:331: /home/artungul/projects/MVCTest/View/Home/Views :  ENOENT: no such file or directory: /home/artungul/projects/MVCTest/View/Home/Views
[ERROR Mon 07 Oct 2024 03:20:55 AM +03] ...ree.nvim/lua/neo-tree/sources/filesystem/lib/fs_scan.lua:331: /home/artungul/projects/MVCTest/View/Home :  ENOENT: no such file or directory: /home/artungul/projects/MVCTest/View/Home
[ERROR Mon 07 Oct 2024 03:20:55 AM +03] ...ree.nvim/lua/neo-tree/sources/filesystem/lib/fs_scan.lua:331: /home/artungul/projects/MVCTest/View/Home/Views/Home :  ENOENT: no such file or directory: /home/artungul/projects/MVCTest/View/Home/Views/Home
[ERROR Mon 07 Oct 2024 03:20:55 AM +03] ...ree.nvim/lua/neo-tree/sources/filesystem/lib/fs_scan.lua:331: /home/artungul/projects/MVCTest/View/Home/Views/Home/../.. :  ENOENT: no such file or directory: /home/artungul/projects/MVCTest/View/Home/Views/Home/../..
[ERROR Mon 07 Oct 2024 03:20:55 AM +03] ...ree.nvim/lua/neo-tree/sources/filesystem/lib/fs_scan.lua:331: /home/artungul/projects/MVCTest/View/Home/Views/Home/.. :  ENOENT: no such file or directory: /home/artungul/projects/MVCTest/View/Home/Views/Home/..
[ERROR Mon 07 Oct 2024 03:20:55 AM +03] ...ree.nvim/lua/neo-tree/sources/filesystem/lib/fs_scan.lua:331: /home/artungul/projects/MVCTest/View/Home/Views/Home/../../.. :  ENOENT: no such file or directory: /home/artungul/projects/MVCTest/View/Home/Views/Home/../../..
[ERROR Mon 07 Oct 2024 03:20:55 AM +03] ...ree.nvim/lua/neo-tree/sources/filesystem/lib/fs_scan.lua:331: /home/artungul/projects/MVCTest/View/Home/Views/Home/../../../.. :  ENOENT: no such file or directory: /home/artungul/projects/MVCTest/View/Home/Views/Home/../../../..
[ERROR Mon 07 Oct 2024 03:20:55 AM +03] ...ree.nvim/lua/neo-tree/sources/filesystem/lib/fs_scan.lua:331: /home/artungul/projects/MVCTest/View/Home/Views/Home/../../../../Views :  ENOENT: no such file or directory: /home/artungul/projects/MVCTest/View/Home/Views/Home/../../../../Views
[ERROR Mon 07 Oct 2024 03:20:55 AM +03] ...ree.nvim/lua/neo-tree/sources/filesystem/lib/fs_scan.lua:331: /home/artungul/projects/MVCTest/View/Home/Views/Home/../../../../Views/Home :  ENOENT: no such file or directory: /home/artungul/projects/MVCTest/View/Home/Views/Home/../../../../Views/Home
