[START][2024-10-06 02:52:55] LSP logging initiated
[ERROR][2024-10-06 02:52:55] .../vim/lsp/rpc.lua:770	"rpc"	"/home/artungul/.local/share/nvim/mason/bin/csharp-ls"	"stderr"	"[02:52:55.479 INF] [Initialization] initializing, csharp-ls version 0.15.0.0\n"
[ERROR][2024-10-06 02:52:55] .../vim/lsp/rpc.lua:770	"rpc"	"/home/artungul/.local/share/nvim/mason/bin/csharp-ls"	"stderr"	"[02:52:55.519 INF] [Initialization] csharp-ls is released under MIT license and is not affiliated with Microsoft Corp.; see https://github.com/razzmatazz/csharp-language-server\n"
[ERROR][2024-10-06 02:52:55] .../vim/lsp/rpc.lua:770	"rpc"	"/home/artungul/.local/share/nvim/mason/bin/csharp-ls"	"stderr"	'[02:52:55.528 INF] [Initialization] MSBuildLocator: will register ".NET Core SDK", Version=8.0.108 as default instance\n'
[ERROR][2024-10-06 02:52:55] .../vim/lsp/rpc.lua:770	"rpc"	"/home/artungul/.local/share/nvim/mason/bin/csharp-ls"	"stderr"	'[02:52:55.619 VRB] [Initialization] handleInitialized: "initialized" notification received from client\n'
[WARN][2024-10-06 02:52:55] ...lsp/handlers.lua:135	"The language server csharp_ls triggers a registerCapability handler for workspace/symbol despite dynamicRegistration set to false. Report upstream, this warning is harmless"
[ERROR][2024-10-06 02:52:55] .../vim/lsp/rpc.lua:770	"rpc"	"/home/artungul/.local/share/nvim/mason/bin/csharp-ls"	"stderr"	"[02:52:55.657 VRB] [Initialization] handleInitialized: OK\n"
[ERROR][2024-10-06 02:56:16] .../vim/lsp/rpc.lua:770	"rpc"	"/home/artungul/.local/share/nvim/mason/bin/vscode-json-language-server"	"stderr"	"/home/artungul/.local/share/nvim/mason/bin/vscode-json-language-server: line 15: exec: node: not found\n"
[ERROR][2024-10-06 02:58:02] .../vim/lsp/rpc.lua:770	"rpc"	"/home/artungul/.local/share/nvim/mason/bin/csharp-ls"	"stderr"	"[02:58:02.131 VRB] [LSP Server] Shutdown received\n"
[START][2024-10-06 03:05:39] LSP logging initiated
[ERROR][2024-10-06 03:05:39] .../vim/lsp/rpc.lua:770	"rpc"	"/home/artungul/.local/share/nvim/mason/bin/csharp-ls"	"stderr"	"[03:05:39.926 INF] [Initialization] initializing, csharp-ls version 0.15.0.0\n"
[ERROR][2024-10-06 03:05:39] .../vim/lsp/rpc.lua:770	"rpc"	"/home/artungul/.local/share/nvim/mason/bin/csharp-ls"	"stderr"	"[03:05:39.986 INF] [Initialization] csharp-ls is released under MIT license and is not affiliated with Microsoft Corp.; see https://github.com/razzmatazz/csharp-language-server\n"
[ERROR][2024-10-06 03:05:40] .../vim/lsp/rpc.lua:770	"rpc"	"/home/artungul/.local/share/nvim/mason/bin/csharp-ls"	"stderr"	'[03:05:40.039 INF] [Initialization] MSBuildLocator: will register ".NET Core SDK", Version=8.0.108 as default instance\n'
[ERROR][2024-10-06 03:05:40] .../vim/lsp/rpc.lua:770	"rpc"	"/home/artungul/.local/share/nvim/mason/bin/csharp-ls"	"stderr"	'[03:05:40.128 VRB] [Initialization] handleInitialized: "initialized" notification received from client\n'
[WARN][2024-10-06 03:05:40] ...lsp/handlers.lua:135	"The language server csharp_ls triggers a registerCapability handler for workspace/symbol despite dynamicRegistration set to false. Report upstream, this warning is harmless"
[ERROR][2024-10-06 03:05:40] .../vim/lsp/rpc.lua:770	"rpc"	"/home/artungul/.local/share/nvim/mason/bin/csharp-ls"	"stderr"	"[03:05:40.166 VRB] [Initialization] handleInitialized: OK\n"
[ERROR][2024-10-06 03:20:48] .../vim/lsp/rpc.lua:770	"rpc"	"/home/artungul/.local/share/nvim/mason/bin/csharp-ls"	"stderr"	"[03:20:48.273 VRB] [LSP Server] Shutdown received\n"
[START][2024-10-06 18:11:55] LSP logging initiated
[ERROR][2024-10-06 18:11:55] .../vim/lsp/rpc.lua:770	"rpc"	"/home/artungul/.local/share/nvim/mason/bin/vscode-json-language-server"	"stderr"	"/home/artungul/.local/share/nvim/mason/bin/vscode-json-language-server: line 15: exec: node: not found\n"
[ERROR][2024-10-06 18:12:04] .../vim/lsp/rpc.lua:770	"rpc"	"/home/artungul/.local/share/nvim/mason/bin/csharp-ls"	"stderr"	"[18:12:04.687 INF] [Initialization] initializing, csharp-ls version 0.15.0.0\n"
[ERROR][2024-10-06 18:12:04] .../vim/lsp/rpc.lua:770	"rpc"	"/home/artungul/.local/share/nvim/mason/bin/csharp-ls"	"stderr"	"[18:12:04.751 INF] [Initialization] csharp-ls is released under MIT license and is not affiliated with Microsoft Corp.; see https://github.com/razzmatazz/csharp-language-server\n"
[ERROR][2024-10-06 18:12:04] .../vim/lsp/rpc.lua:770	"rpc"	"/home/artungul/.local/share/nvim/mason/bin/csharp-ls"	"stderr"	'[18:12:04.834 INF] [Initialization] MSBuildLocator: will register ".NET Core SDK", Version=8.0.108 as default instance\n'
[ERROR][2024-10-06 18:12:04] .../vim/lsp/rpc.lua:770	"rpc"	"/home/artungul/.local/share/nvim/mason/bin/csharp-ls"	"stderr"	'[18:12:04.927 VRB] [Initialization] handleInitialized: "initialized" notification received from client\n'
[WARN][2024-10-06 18:12:04] ...lsp/handlers.lua:135	"The language server csharp_ls triggers a registerCapability handler for workspace/symbol despite dynamicRegistration set to false. Report upstream, this warning is harmless"
[ERROR][2024-10-06 18:12:04] .../vim/lsp/rpc.lua:770	"rpc"	"/home/artungul/.local/share/nvim/mason/bin/csharp-ls"	"stderr"	"[18:12:04.967 VRB] [Initialization] handleInitialized: OK\n"
[ERROR][2024-10-06 18:19:07] .../vim/lsp/rpc.lua:770	"rpc"	"/home/artungul/.local/share/nvim/mason/bin/csharp-ls"	"stderr"	"[18:19:07.087 VRB] [LSP Server] Shutdown received\n"
[START][2024-10-07 01:12:01] LSP logging initiated
[ERROR][2024-10-07 01:12:01] .../vim/lsp/rpc.lua:770	"rpc"	"/home/artungul/.local/share/nvim/mason/bin/csharp-ls"	"stderr"	"[01:12:01.755 INF] [Initialization] initializing, csharp-ls version 0.15.0.0\n"
[ERROR][2024-10-07 01:12:01] .../vim/lsp/rpc.lua:770	"rpc"	"/home/artungul/.local/share/nvim/mason/bin/csharp-ls"	"stderr"	"[01:12:01.818 INF] [Initialization] csharp-ls is released under MIT license and is not affiliated with Microsoft Corp.; see https://github.com/razzmatazz/csharp-language-server\n"
[ERROR][2024-10-07 01:12:01] .../vim/lsp/rpc.lua:770	"rpc"	"/home/artungul/.local/share/nvim/mason/bin/csharp-ls"	"stderr"	'[01:12:01.892 INF] [Initialization] MSBuildLocator: will register ".NET Core SDK", Version=8.0.108 as default instance\n'
[ERROR][2024-10-07 01:12:01] .../vim/lsp/rpc.lua:770	"rpc"	"/home/artungul/.local/share/nvim/mason/bin/csharp-ls"	"stderr"	'[01:12:01.984 VRB] [Initialization] handleInitialized: "initialized" notification received from client\n'
[WARN][2024-10-07 01:12:01] ...lsp/handlers.lua:135	"The language server csharp_ls triggers a registerCapability handler for workspace/symbol despite dynamicRegistration set to false. Report upstream, this warning is harmless"
[ERROR][2024-10-07 01:12:02] .../vim/lsp/rpc.lua:770	"rpc"	"/home/artungul/.local/share/nvim/mason/bin/csharp-ls"	"stderr"	"[01:12:02.021 VRB] [Initialization] handleInitialized: OK\n"
[ERROR][2024-10-07 01:12:22] .../vim/lsp/rpc.lua:770	"rpc"	"/home/artungul/.local/share/nvim/mason/bin/vscode-json-language-server"	"stderr"	"/home/artungul/.local/share/nvim/mason/bin/vscode-json-language-server: line 15: exec: node: not found\n"
[ERROR][2024-10-07 01:12:22] .../vim/lsp/rpc.lua:770	"rpc"	"/home/artungul/.local/share/nvim/mason/bin/vscode-json-language-server"	"stderr"	"/home/artungul/.local/share/nvim/mason/bin/vscode-json-language-server: line 15: exec: node: not found\n"
[ERROR][2024-10-07 01:24:24] .../vim/lsp/rpc.lua:770	"rpc"	"/home/artungul/.local/share/nvim/mason/bin/csharp-ls"	"stderr"	"[01:24:24.287 VRB] [LSP Server] Shutdown received\n"
[ERROR][2024-10-07 01:24:24] .../vim/lsp/rpc.lua:770	"rpc"	"/home/artungul/.local/share/nvim/mason/bin/csharp-ls"	"stderr"	"[01:24:24.457 VRB] [LSP Server] Exit received\n"
[START][2024-10-07 01:27:20] LSP logging initiated
[ERROR][2024-10-07 01:27:20] .../vim/lsp/rpc.lua:770	"rpc"	"/home/artungul/.local/share/nvim/mason/bin/csharp-ls"	"stderr"	"[01:27:20.830 INF] [Initialization] initializing, csharp-ls version 0.15.0.0\n"
[ERROR][2024-10-07 01:27:20] .../vim/lsp/rpc.lua:770	"rpc"	"/home/artungul/.local/share/nvim/mason/bin/csharp-ls"	"stderr"	"[01:27:20.869 INF] [Initialization] csharp-ls is released under MIT license and is not affiliated with Microsoft Corp.; see https://github.com/razzmatazz/csharp-language-server\n"
[ERROR][2024-10-07 01:27:20] .../vim/lsp/rpc.lua:770	"rpc"	"/home/artungul/.local/share/nvim/mason/bin/csharp-ls"	"stderr"	'[01:27:20.877 INF] [Initialization] MSBuildLocator: will register ".NET Core SDK", Version=8.0.108 as default instance\n'
[ERROR][2024-10-07 01:27:20] .../vim/lsp/rpc.lua:770	"rpc"	"/home/artungul/.local/share/nvim/mason/bin/csharp-ls"	"stderr"	'[01:27:21.001 VRB] [Initialization] handleInitialized: "initialized" notification received from client\n'
[WARN][2024-10-07 01:27:21] ...lsp/handlers.lua:135	"The language server csharp_ls triggers a registerCapability handler for workspace/symbol despite dynamicRegistration set to false. Report upstream, this warning is harmless"
[ERROR][2024-10-07 01:27:21] .../vim/lsp/rpc.lua:770	"rpc"	"/home/artungul/.local/share/nvim/mason/bin/csharp-ls"	"stderr"	"[01:27:21.040 VRB] [Initialization] handleInitialized: OK\n"
[ERROR][2024-10-07 01:29:48] .../vim/lsp/rpc.lua:770	"rpc"	"/home/artungul/.local/share/nvim/mason/bin/vscode-json-language-server"	"stderr"	"/home/artungul/.local/share/nvim/mason/bin/vscode-json-language-server: line 15: exec: node: not found\n"
[ERROR][2024-10-07 01:39:30] .../vim/lsp/rpc.lua:770	"rpc"	"/home/artungul/.local/share/nvim/mason/bin/vscode-html-language-server"	"stderr"	"/home/artungul/.local/share/nvim/mason/bin/vscode-html-language-server: line 15: exec: node: not found\n"
[ERROR][2024-10-07 01:41:50] .../vim/lsp/rpc.lua:770	"rpc"	"/home/artungul/.local/share/nvim/mason/bin/vscode-html-language-server"	"stderr"	"/home/artungul/.local/share/nvim/mason/bin/vscode-html-language-server: line 15: exec: node: not found\n"
[ERROR][2024-10-07 01:43:29] .../vim/lsp/rpc.lua:770	"rpc"	"/home/artungul/.local/share/nvim/mason/bin/vscode-html-language-server"	"stderr"	"/home/artungul/.local/share/nvim/mason/bin/vscode-html-language-server: line 15: exec: node: not found\n"
[ERROR][2024-10-07 01:45:55] .../vim/lsp/rpc.lua:770	"rpc"	"/home/artungul/.local/share/nvim/mason/bin/vscode-json-language-server"	"stderr"	"/home/artungul/.local/share/nvim/mason/bin/vscode-json-language-server: line 15: exec: node: not found\n"
[ERROR][2024-10-07 01:46:29] .../vim/lsp/rpc.lua:770	"rpc"	"/home/artungul/.local/share/nvim/mason/bin/vscode-html-language-server"	"stderr"	"/home/artungul/.local/share/nvim/mason/bin/vscode-html-language-server: line 15: exec: node: not found\n"
[ERROR][2024-10-07 01:46:38] .../vim/lsp/rpc.lua:770	"rpc"	"/home/artungul/.local/share/nvim/mason/bin/vscode-html-language-server"	"stderr"	"/home/artungul/.local/share/nvim/mason/bin/vscode-html-language-server: line 15: exec: node: not found\n"
[ERROR][2024-10-07 01:53:53] .../vim/lsp/rpc.lua:770	"rpc"	"/home/artungul/.local/share/nvim/mason/bin/csharp-ls"	"stderr"	"[01:53:53.056 VRB] [LSP Server] Shutdown received\n"
[START][2024-10-07 02:37:57] LSP logging initiated
[ERROR][2024-10-07 02:37:57] .../vim/lsp/rpc.lua:770	"rpc"	"/home/artungul/.local/share/nvim/mason/bin/csharp-ls"	"stderr"	'[02:37:56.907 INF] [Initialization] initializing, csharp-ls version 0.15.0.0\n[02:37:56.949 INF] [Initialization] csharp-ls is released under MIT license and is not affiliated with Microsoft Corp.; see https://github.com/razzmatazz/csharp-language-server\n[02:37:56.963 INF] [Initialization] MSBuildLocator: will register ".NET Core SDK", Version=8.0.108 as default instance\n'
[ERROR][2024-10-07 02:37:57] .../vim/lsp/rpc.lua:770	"rpc"	"/home/artungul/.local/share/nvim/mason/bin/csharp-ls"	"stderr"	'[02:37:57.355 VRB] [Initialization] handleInitialized: "initialized" notification received from client\n'
[WARN][2024-10-07 02:37:57] ...lsp/handlers.lua:135	"The language server csharp_ls triggers a registerCapability handler for workspace/symbol despite dynamicRegistration set to false. Report upstream, this warning is harmless"
[ERROR][2024-10-07 02:37:57] .../vim/lsp/rpc.lua:770	"rpc"	"/home/artungul/.local/share/nvim/mason/bin/csharp-ls"	"stderr"	"[02:37:57.399 VRB] [Initialization] handleInitialized: OK\n"
[ERROR][2024-10-07 02:38:26] .../vim/lsp/rpc.lua:770	"rpc"	"/home/artungul/.local/share/nvim/mason/bin/csharp-ls"	"stderr"	"[02:38:26.126 VRB] [LSP Server] Shutdown received\n"
[START][2024-10-07 02:38:48] LSP logging initiated
[ERROR][2024-10-07 02:38:48] .../vim/lsp/rpc.lua:770	"rpc"	"/home/artungul/.local/share/nvim/mason/bin/csharp-ls"	"stderr"	"[02:38:48.189 INF] [Initialization] initializing, csharp-ls version 0.15.0.0\n"
[ERROR][2024-10-07 02:38:48] .../vim/lsp/rpc.lua:770	"rpc"	"/home/artungul/.local/share/nvim/mason/bin/csharp-ls"	"stderr"	"[02:38:48.230 INF] [Initialization] csharp-ls is released under MIT license and is not affiliated with Microsoft Corp.; see https://github.com/razzmatazz/csharp-language-server\n"
[ERROR][2024-10-07 02:38:48] .../vim/lsp/rpc.lua:770	"rpc"	"/home/artungul/.local/share/nvim/mason/bin/csharp-ls"	"stderr"	'[02:38:48.239 INF] [Initialization] MSBuildLocator: will register ".NET Core SDK", Version=8.0.108 as default instance\n'
[ERROR][2024-10-07 02:38:48] .../vim/lsp/rpc.lua:770	"rpc"	"/home/artungul/.local/share/nvim/mason/bin/csharp-ls"	"stderr"	'[02:38:48.359 VRB] [Initialization] handleInitialized: "initialized" notification received from client\n'
[WARN][2024-10-07 02:38:48] ...lsp/handlers.lua:135	"The language server csharp_ls triggers a registerCapability handler for workspace/symbol despite dynamicRegistration set to false. Report upstream, this warning is harmless"
[ERROR][2024-10-07 02:38:48] .../vim/lsp/rpc.lua:770	"rpc"	"/home/artungul/.local/share/nvim/mason/bin/csharp-ls"	"stderr"	"[02:38:48.397 VRB] [Initialization] handleInitialized: OK\n"
[ERROR][2024-10-07 02:39:27] .../vim/lsp/rpc.lua:770	"rpc"	"/home/artungul/.local/share/nvim/mason/bin/vscode-html-language-server"	"stderr"	"/home/artungul/.local/share/nvim/mason/bin/vscode-html-language-server: line 15: exec: node: not found\n"
[ERROR][2024-10-07 02:39:33] .../vim/lsp/rpc.lua:770	"rpc"	"/home/artungul/.local/share/nvim/mason/bin/vscode-html-language-server"	"stderr"	"/home/artungul/.local/share/nvim/mason/bin/vscode-html-language-server: line 15: exec: node: not found\n"
[ERROR][2024-10-07 02:40:28] .../vim/lsp/rpc.lua:770	"rpc"	"/home/artungul/.local/share/nvim/mason/bin/vscode-html-language-server"	"stderr"	"/home/artungul/.local/share/nvim/mason/bin/vscode-html-language-server: line 15: exec: node: not found\n"
[ERROR][2024-10-07 02:42:54] .../vim/lsp/rpc.lua:770	"rpc"	"/home/artungul/.local/share/nvim/mason/bin/vscode-json-language-server"	"stderr"	"/home/artungul/.local/share/nvim/mason/bin/vscode-json-language-server: line 15: exec: node: not found\n"
[ERROR][2024-10-07 02:42:56] .../vim/lsp/rpc.lua:770	"rpc"	"/home/artungul/.local/share/nvim/mason/bin/vscode-json-language-server"	"stderr"	"/home/artungul/.local/share/nvim/mason/bin/vscode-json-language-server: line 15: exec: node: not found\n"
[ERROR][2024-10-07 02:43:08] .../vim/lsp/rpc.lua:770	"rpc"	"/home/artungul/.local/share/nvim/mason/bin/vscode-json-language-server"	"stderr"	"/home/artungul/.local/share/nvim/mason/bin/vscode-json-language-server: line 15: exec: node: not found\n"
[ERROR][2024-10-07 02:43:42] .../vim/lsp/rpc.lua:770	"rpc"	"/home/artungul/.local/share/nvim/mason/bin/csharp-ls"	"stderr"	"[02:43:42.421 VRB] [LSP Server] Shutdown received\n"
[START][2024-10-07 02:44:26] LSP logging initiated
[ERROR][2024-10-07 02:44:26] .../vim/lsp/rpc.lua:770	"rpc"	"/home/artungul/.local/share/nvim/mason/bin/csharp-ls"	"stderr"	"[02:44:26.675 INF] [Initialization] initializing, csharp-ls version 0.15.0.0\n"
[ERROR][2024-10-07 02:44:26] .../vim/lsp/rpc.lua:770	"rpc"	"/home/artungul/.local/share/nvim/mason/bin/csharp-ls"	"stderr"	"[02:44:26.716 INF] [Initialization] csharp-ls is released under MIT license and is not affiliated with Microsoft Corp.; see https://github.com/razzmatazz/csharp-language-server\n"
[ERROR][2024-10-07 02:44:26] .../vim/lsp/rpc.lua:770	"rpc"	"/home/artungul/.local/share/nvim/mason/bin/csharp-ls"	"stderr"	'[02:44:26.725 INF] [Initialization] MSBuildLocator: will register ".NET Core SDK", Version=8.0.108 as default instance\n'
[ERROR][2024-10-07 02:44:26] .../vim/lsp/rpc.lua:770	"rpc"	"/home/artungul/.local/share/nvim/mason/bin/csharp-ls"	"stderr"	'[02:44:26.818 VRB] [Initialization] handleInitialized: "initialized" notification received from client\n'
[WARN][2024-10-07 02:44:26] ...lsp/handlers.lua:135	"The language server csharp_ls triggers a registerCapability handler for workspace/symbol despite dynamicRegistration set to false. Report upstream, this warning is harmless"
[ERROR][2024-10-07 02:44:26] .../vim/lsp/rpc.lua:770	"rpc"	"/home/artungul/.local/share/nvim/mason/bin/csharp-ls"	"stderr"	"[02:44:26.857 VRB] [Initialization] handleInitialized: OK\n"
[ERROR][2024-10-07 02:44:38] .../vim/lsp/rpc.lua:770	"rpc"	"/home/artungul/.local/share/nvim/mason/bin/vscode-html-language-server"	"stderr"	"/home/artungul/.local/share/nvim/mason/bin/vscode-html-language-server: line 15: exec: node: not found\n"
[ERROR][2024-10-07 02:44:42] .../vim/lsp/rpc.lua:770	"rpc"	"/home/artungul/.local/share/nvim/mason/bin/vscode-html-language-server"	"stderr"	"/home/artungul/.local/share/nvim/mason/bin/vscode-html-language-server: line 15: exec: node: not found\n"
[ERROR][2024-10-07 02:44:46] .../vim/lsp/rpc.lua:770	"rpc"	"/home/artungul/.local/share/nvim/mason/bin/vscode-html-language-server"	"stderr"	"/home/artungul/.local/share/nvim/mason/bin/vscode-html-language-server: line 15: exec: node: not found\n"
[ERROR][2024-10-07 02:46:12] .../vim/lsp/rpc.lua:770	"rpc"	"/home/artungul/.local/share/nvim/mason/bin/vscode-html-language-server"	"stderr"	"/home/artungul/.local/share/nvim/mason/bin/vscode-html-language-server: line 15: exec: node: not found\n"
[ERROR][2024-10-07 02:46:14] .../vim/lsp/rpc.lua:770	"rpc"	"/home/artungul/.local/share/nvim/mason/bin/vscode-html-language-server"	"stderr"	"/home/artungul/.local/share/nvim/mason/bin/vscode-html-language-server: line 15: exec: node: not found\n"
[ERROR][2024-10-07 02:46:17] .../vim/lsp/rpc.lua:770	"rpc"	"/home/artungul/.local/share/nvim/mason/bin/vscode-html-language-server"	"stderr"	"/home/artungul/.local/share/nvim/mason/bin/vscode-html-language-server: line 15: exec: node: not found\n"
[ERROR][2024-10-07 02:46:42] .../vim/lsp/rpc.lua:770	"rpc"	"/home/artungul/.local/share/nvim/mason/bin/vscode-json-language-server"	"stderr"	"/home/artungul/.local/share/nvim/mason/bin/vscode-json-language-server: line 15: exec: node: not found\n"
[ERROR][2024-10-07 02:47:04] .../vim/lsp/rpc.lua:770	"rpc"	"/home/artungul/.local/share/nvim/mason/bin/csharp-ls"	"stderr"	"[02:47:04.845 VRB] [LSP Server] Shutdown received\n"
[START][2024-10-07 02:48:05] LSP logging initiated
[ERROR][2024-10-07 02:48:05] .../vim/lsp/rpc.lua:770	"rpc"	"/home/artungul/.local/share/nvim/mason/bin/csharp-ls"	"stderr"	"[02:48:05.263 INF] [Initialization] initializing, csharp-ls version 0.15.0.0\n"
[ERROR][2024-10-07 02:48:05] .../vim/lsp/rpc.lua:770	"rpc"	"/home/artungul/.local/share/nvim/mason/bin/csharp-ls"	"stderr"	"[02:48:05.302 INF] [Initialization] csharp-ls is released under MIT license and is not affiliated with Microsoft Corp.; see https://github.com/razzmatazz/csharp-language-server\n"
[ERROR][2024-10-07 02:48:05] .../vim/lsp/rpc.lua:770	"rpc"	"/home/artungul/.local/share/nvim/mason/bin/csharp-ls"	"stderr"	'[02:48:05.311 INF] [Initialization] MSBuildLocator: will register ".NET Core SDK", Version=8.0.108 as default instance\n'
[ERROR][2024-10-07 02:48:05] .../vim/lsp/rpc.lua:770	"rpc"	"/home/artungul/.local/share/nvim/mason/bin/csharp-ls"	"stderr"	'[02:48:05.404 VRB] [Initialization] handleInitialized: "initialized" notification received from client\n'
[WARN][2024-10-07 02:48:05] ...lsp/handlers.lua:135	"The language server csharp_ls triggers a registerCapability handler for workspace/symbol despite dynamicRegistration set to false. Report upstream, this warning is harmless"
[ERROR][2024-10-07 02:48:05] .../vim/lsp/rpc.lua:770	"rpc"	"/home/artungul/.local/share/nvim/mason/bin/csharp-ls"	"stderr"	"[02:48:05.443 VRB] [Initialization] handleInitialized: OK\n"
[ERROR][2024-10-07 02:48:44] .../vim/lsp/rpc.lua:770	"rpc"	"/home/artungul/.local/share/nvim/mason/bin/vscode-html-language-server"	"stderr"	"/home/artungul/.local/share/nvim/mason/bin/vscode-html-language-server: line 15: exec: node: not found\n"
[ERROR][2024-10-07 02:48:50] .../vim/lsp/rpc.lua:770	"rpc"	"/home/artungul/.local/share/nvim/mason/bin/vscode-html-language-server"	"stderr"	"/home/artungul/.local/share/nvim/mason/bin/vscode-html-language-server: line 15: exec: node: not found\n"
[ERROR][2024-10-07 02:49:32] .../vim/lsp/rpc.lua:770	"rpc"	"/home/artungul/.local/share/nvim/mason/bin/vscode-html-language-server"	"stderr"	"/home/artungul/.local/share/nvim/mason/bin/vscode-html-language-server: line 15: exec: node: not found\n"
[ERROR][2024-10-07 02:49:35] .../vim/lsp/rpc.lua:770	"rpc"	"/home/artungul/.local/share/nvim/mason/bin/vscode-html-language-server"	"stderr"	"/home/artungul/.local/share/nvim/mason/bin/vscode-html-language-server: line 15: exec: node: not found\n"
[ERROR][2024-10-07 02:51:24] .../vim/lsp/rpc.lua:770	"rpc"	"/home/artungul/.local/share/nvim/mason/bin/vscode-json-language-server"	"stderr"	"/home/artungul/.local/share/nvim/mason/bin/vscode-json-language-server: line 15: exec: node: not found\n"
[ERROR][2024-10-07 02:51:38] .../vim/lsp/rpc.lua:770	"rpc"	"/home/artungul/.local/share/nvim/mason/bin/vscode-json-language-server"	"stderr"	"/home/artungul/.local/share/nvim/mason/bin/vscode-json-language-server: line 15: exec: node: not found\n"
[ERROR][2024-10-07 02:51:40] .../vim/lsp/rpc.lua:770	"rpc"	"/home/artungul/.local/share/nvim/mason/bin/vscode-json-language-server"	"stderr"	"/home/artungul/.local/share/nvim/mason/bin/vscode-json-language-server: line 15: exec: node: not found\n"
[ERROR][2024-10-07 02:51:57] .../vim/lsp/rpc.lua:770	"rpc"	"/home/artungul/.local/share/nvim/mason/bin/vscode-html-language-server"	"stderr"	"/home/artungul/.local/share/nvim/mason/bin/vscode-html-language-server: line 15: exec: node: not found\n"
[ERROR][2024-10-07 03:01:05] .../vim/lsp/rpc.lua:770	"rpc"	"/home/artungul/.local/share/nvim/mason/bin/vscode-html-language-server"	"stderr"	"/home/artungul/.local/share/nvim/mason/bin/vscode-html-language-server: line 15: exec: node: not found\n"
[ERROR][2024-10-07 03:09:12] .../vim/lsp/rpc.lua:770	"rpc"	"/home/artungul/.local/share/nvim/mason/bin/vscode-html-language-server"	"stderr"	"/home/artungul/.local/share/nvim/mason/bin/vscode-html-language-server: line 15: exec: node: not found\n"
[ERROR][2024-10-07 03:11:09] .../vim/lsp/rpc.lua:770	"rpc"	"/home/artungul/.local/share/nvim/mason/bin/vscode-html-language-server"	"stderr"	"/home/artungul/.local/share/nvim/mason/bin/vscode-html-language-server: line 15: exec: node: not found\n"
[ERROR][2024-10-07 03:11:15] .../vim/lsp/rpc.lua:770	"rpc"	"/home/artungul/.local/share/nvim/mason/bin/vscode-html-language-server"	"stderr"	"/home/artungul/.local/share/nvim/mason/bin/vscode-html-language-server: line 15: exec: node: not found\n"
[ERROR][2024-10-07 03:14:25] .../vim/lsp/rpc.lua:770	"rpc"	"/home/artungul/.local/share/nvim/mason/bin/vscode-html-language-server"	"stderr"	"/home/artungul/.local/share/nvim/mason/bin/vscode-html-language-server: line 15: exec: node: not found\n"
[ERROR][2024-10-07 03:15:01] .../vim/lsp/rpc.lua:770	"rpc"	"/home/artungul/.local/share/nvim/mason/bin/vscode-html-language-server"	"stderr"	"/home/artungul/.local/share/nvim/mason/bin/vscode-html-language-server: line 15: exec: node: not found\n"
[ERROR][2024-10-07 03:15:47] .../vim/lsp/rpc.lua:770	"rpc"	"/home/artungul/.local/share/nvim/mason/bin/vscode-html-language-server"	"stderr"	"/home/artungul/.local/share/nvim/mason/bin/vscode-html-language-server: line 15: exec: node: not found\n"
[ERROR][2024-10-07 03:21:01] .../vim/lsp/rpc.lua:770	"rpc"	"/home/artungul/.local/share/nvim/mason/bin/csharp-ls"	"stderr"	"[03:21:01.725 VRB] [LSP Server] Shutdown received\n"
[START][2024-10-07 03:21:09] LSP logging initiated
[ERROR][2024-10-07 03:21:09] .../vim/lsp/rpc.lua:770	"rpc"	"/home/artungul/.local/share/nvim/mason/bin/vscode-html-language-server"	"stderr"	"/home/artungul/.local/share/nvim/mason/bin/vscode-html-language-server: line 15: exec: node: not found\n"
[ERROR][2024-10-07 03:21:31] .../vim/lsp/rpc.lua:770	"rpc"	"/home/artungul/.local/share/nvim/mason/bin/vscode-html-language-server"	"stderr"	"/home/artungul/.local/share/nvim/mason/bin/vscode-html-language-server: line 15: exec: node: not found\n"
[ERROR][2024-10-07 03:21:37] .../vim/lsp/rpc.lua:770	"rpc"	"/home/artungul/.local/share/nvim/mason/bin/vscode-html-language-server"	"stderr"	"/home/artungul/.local/share/nvim/mason/bin/vscode-html-language-server: line 15: exec: node: not found\n"
[ERROR][2024-10-07 03:21:59] .../vim/lsp/rpc.lua:770	"rpc"	"/home/artungul/.local/share/nvim/mason/bin/vscode-html-language-server"	"stderr"	"/home/artungul/.local/share/nvim/mason/bin/vscode-html-language-server: line 15: exec: node: not found\n"
[START][2024-10-07 12:22:55] LSP logging initiated
[ERROR][2024-10-07 12:22:55] .../vim/lsp/rpc.lua:770	"rpc"	"/home/artungul/.local/share/nvim/mason/bin/csharp-ls"	"stderr"	"[12:22:55.919 INF] [Initialization] initializing, csharp-ls version 0.15.0.0\n"
[ERROR][2024-10-07 12:22:55] .../vim/lsp/rpc.lua:770	"rpc"	"/home/artungul/.local/share/nvim/mason/bin/csharp-ls"	"stderr"	"[12:22:55.962 INF] [Initialization] csharp-ls is released under MIT license and is not affiliated with Microsoft Corp.; see https://github.com/razzmatazz/csharp-language-server\n"
[ERROR][2024-10-07 12:22:55] .../vim/lsp/rpc.lua:770	"rpc"	"/home/artungul/.local/share/nvim/mason/bin/csharp-ls"	"stderr"	'[12:22:55.984 INF] [Initialization] MSBuildLocator: will register ".NET Core SDK", Version=8.0.108 as default instance\n'
[ERROR][2024-10-07 12:22:56] .../vim/lsp/rpc.lua:770	"rpc"	"/home/artungul/.local/share/nvim/mason/bin/csharp-ls"	"stderr"	'[12:22:56.077 VRB] [Initialization] handleInitialized: "initialized" notification received from client\n'
[WARN][2024-10-07 12:22:56] ...lsp/handlers.lua:135	"The language server csharp_ls triggers a registerCapability handler for workspace/symbol despite dynamicRegistration set to false. Report upstream, this warning is harmless"
[ERROR][2024-10-07 12:22:56] .../vim/lsp/rpc.lua:770	"rpc"	"/home/artungul/.local/share/nvim/mason/bin/csharp-ls"	"stderr"	"[12:22:56.136 VRB] [Initialization] handleInitialized: OK\n"
[ERROR][2024-10-07 12:23:14] .../vim/lsp/rpc.lua:770	"rpc"	"/home/artungul/.local/share/nvim/mason/bin/vscode-html-language-server"	"stderr"	"/home/artungul/.local/share/nvim/mason/bin/vscode-html-language-server: line 15: exec: node: not found\n"
[ERROR][2024-10-07 12:23:20] .../vim/lsp/rpc.lua:770	"rpc"	"/home/artungul/.local/share/nvim/mason/bin/vscode-html-language-server"	"stderr"	"/home/artungul/.local/share/nvim/mason/bin/vscode-html-language-server: line 15: exec: node: not found\n"
[ERROR][2024-10-07 12:24:40] .../vim/lsp/rpc.lua:770	"rpc"	"/home/artungul/.local/share/nvim/mason/bin/csharp-ls"	"stderr"	"[12:24:39.921 VRB] [LSP Server] Shutdown received\n"
[START][2024-10-07 12:32:19] LSP logging initiated
[ERROR][2024-10-07 12:32:19] .../vim/lsp/rpc.lua:770	"rpc"	"/home/artungul/.local/share/nvim/mason/bin/vscode-html-language-server"	"stderr"	"/home/artungul/.local/share/nvim/mason/bin/vscode-html-language-server: line 15: exec: node: not found\n"
[ERROR][2024-10-07 12:33:35] .../vim/lsp/rpc.lua:770	"rpc"	"/home/artungul/.local/share/nvim/mason/bin/vscode-json-language-server"	"stderr"	"/home/artungul/.local/share/nvim/mason/bin/vscode-json-language-server: line 15: exec: node: not found\n"
[ERROR][2024-10-07 12:33:46] .../vim/lsp/rpc.lua:770	"rpc"	"/home/artungul/.local/share/nvim/mason/bin/vscode-html-language-server"	"stderr"	"/home/artungul/.local/share/nvim/mason/bin/vscode-html-language-server: line 15: exec: node: not found\n"
[ERROR][2024-10-07 12:33:56] .../vim/lsp/rpc.lua:770	"rpc"	"/home/artungul/.local/share/nvim/mason/bin/csharp-ls"	"stderr"	"[12:33:56.204 INF] [Initialization] initializing, csharp-ls version 0.15.0.0\n"
[ERROR][2024-10-07 12:33:56] .../vim/lsp/rpc.lua:770	"rpc"	"/home/artungul/.local/share/nvim/mason/bin/csharp-ls"	"stderr"	"[12:33:56.268 INF] [Initialization] csharp-ls is released under MIT license and is not affiliated with Microsoft Corp.; see https://github.com/razzmatazz/csharp-language-server\n"
[ERROR][2024-10-07 12:33:56] .../vim/lsp/rpc.lua:770	"rpc"	"/home/artungul/.local/share/nvim/mason/bin/csharp-ls"	"stderr"	'[12:33:56.317 INF] [Initialization] MSBuildLocator: will register ".NET Core SDK", Version=8.0.108 as default instance\n'
[ERROR][2024-10-07 12:33:56] .../vim/lsp/rpc.lua:770	"rpc"	"/home/artungul/.local/share/nvim/mason/bin/csharp-ls"	"stderr"	'[12:33:56.412 VRB] [Initialization] handleInitialized: "initialized" notification received from client\n'
[WARN][2024-10-07 12:33:56] ...lsp/handlers.lua:135	"The language server csharp_ls triggers a registerCapability handler for workspace/symbol despite dynamicRegistration set to false. Report upstream, this warning is harmless"
[ERROR][2024-10-07 12:33:56] .../vim/lsp/rpc.lua:770	"rpc"	"/home/artungul/.local/share/nvim/mason/bin/csharp-ls"	"stderr"	"[12:33:56.450 VRB] [Initialization] handleInitialized: OK\n"
[ERROR][2024-10-07 12:34:16] .../vim/lsp/rpc.lua:770	"rpc"	"/home/artungul/.local/share/nvim/mason/bin/vscode-html-language-server"	"stderr"	"/home/artungul/.local/share/nvim/mason/bin/vscode-html-language-server: line 15: exec: node: not found\n"
[ERROR][2024-10-07 12:42:43] .../vim/lsp/rpc.lua:770	"rpc"	"/home/artungul/.local/share/nvim/mason/bin/vscode-html-language-server"	"stderr"	"/home/artungul/.local/share/nvim/mason/bin/vscode-html-language-server: line 15: exec: node: not found\n"
[ERROR][2024-10-07 12:46:42] .../vim/lsp/rpc.lua:770	"rpc"	"/home/artungul/.local/share/nvim/mason/bin/vscode-html-language-server"	"stderr"	"/home/artungul/.local/share/nvim/mason/bin/vscode-html-language-server: line 15: exec: node: not found\n"
[ERROR][2024-10-07 12:59:01] .../vim/lsp/rpc.lua:770	"rpc"	"/home/artungul/.local/share/nvim/mason/bin/csharp-ls"	"stderr"	"[12:59:01.176 VRB] [LSP Server] Shutdown received\n"
[ERROR][2024-10-07 12:59:01] .../vim/lsp/rpc.lua:770	"rpc"	"/home/artungul/.local/share/nvim/mason/bin/csharp-ls"	"stderr"	"[12:59:01.427 VRB] [LSP Server] Exit received\n"
[START][2024-10-07 13:06:14] LSP logging initiated
[ERROR][2024-10-07 13:06:14] .../vim/lsp/rpc.lua:770	"rpc"	"/home/artungul/.local/share/nvim/mason/bin/csharp-ls"	"stderr"	"[13:06:14.316 INF] [Initialization] initializing, csharp-ls version 0.15.0.0\n"
[ERROR][2024-10-07 13:06:14] .../vim/lsp/rpc.lua:770	"rpc"	"/home/artungul/.local/share/nvim/mason/bin/csharp-ls"	"stderr"	"[13:06:14.355 INF] [Initialization] csharp-ls is released under MIT license and is not affiliated with Microsoft Corp.; see https://github.com/razzmatazz/csharp-language-server\n"
[ERROR][2024-10-07 13:06:14] .../vim/lsp/rpc.lua:770	"rpc"	"/home/artungul/.local/share/nvim/mason/bin/csharp-ls"	"stderr"	'[13:06:14.363 INF] [Initialization] MSBuildLocator: will register ".NET Core SDK", Version=8.0.108 as default instance\n'
[ERROR][2024-10-07 13:06:14] .../vim/lsp/rpc.lua:770	"rpc"	"/home/artungul/.local/share/nvim/mason/bin/csharp-ls"	"stderr"	'[13:06:14.453 VRB] [Initialization] handleInitialized: "initialized" notification received from client\n'
[WARN][2024-10-07 13:06:14] ...lsp/handlers.lua:135	"The language server csharp_ls triggers a registerCapability handler for workspace/symbol despite dynamicRegistration set to false. Report upstream, this warning is harmless"
[ERROR][2024-10-07 13:06:14] .../vim/lsp/rpc.lua:770	"rpc"	"/home/artungul/.local/share/nvim/mason/bin/csharp-ls"	"stderr"	"[13:06:14.492 VRB] [Initialization] handleInitialized: OK\n"
[ERROR][2024-10-07 13:06:23] .../vim/lsp/rpc.lua:770	"rpc"	"/home/artungul/.local/share/nvim/mason/bin/vscode-html-language-server"	"stderr"	"/home/artungul/.local/share/nvim/mason/bin/vscode-html-language-server: line 15: exec: node: not found\n"
[ERROR][2024-10-07 13:51:36] .../vim/lsp/rpc.lua:770	"rpc"	"/home/artungul/.local/share/nvim/mason/bin/csharp-ls"	"stderr"	"[13:51:36.733 VRB] [LSP Server] Shutdown received\n"
